Build started 10/3/2012 8:52:56 PM.
     1>Project "C:\Users\Rahul\Desktop\Work\of_v0071_vs2010_release\apps\myApps\ThesisProject\Thesis_Project.vcxproj" on node 2 (build target(s)).
     1>InitializeBuildStatus:
         Creating "obj\Debug\Thesis_Project.unsuccessfulbuild" because "AlwaysCreate" was specified.
       ClCompile:
         All outputs are up-to-date.
         All outputs are up-to-date.
       ManifestResourceCompile:
         All outputs are up-to-date.
       Link:
         All outputs are up-to-date.
       Manifest:
         All outputs are up-to-date.
       PostBuildEvent:
         Description: adding DLLs and creating data folder
         xcopy /e /i /y "C:\Users\Rahul\Desktop\Work\of_v0071_vs2010_release\apps\myApps\ThesisProject\..\..\..\export\vs2010\*.dll" "C:\Users\Rahul\Desktop\Work\of_v0071_vs2010_release\apps\myApps\ThesisProject\bin"
         :VCEnd
         C:\Users\Rahul\Desktop\Work\of_v0071_vs2010_release\apps\myApps\ThesisProject\..\..\..\export\vs2010\Assimp32.dll
         C:\Users\Rahul\Desktop\Work\of_v0071_vs2010_release\apps\myApps\ThesisProject\..\..\..\export\vs2010\fmodex.dll
         C:\Users\Rahul\Desktop\Work\of_v0071_vs2010_release\apps\myApps\ThesisProject\..\..\..\export\vs2010\fmodexL.dll
         C:\Users\Rahul\Desktop\Work\of_v0071_vs2010_release\apps\myApps\ThesisProject\..\..\..\export\vs2010\FreeImage.dll
         C:\Users\Rahul\Desktop\Work\of_v0071_vs2010_release\apps\myApps\ThesisProject\..\..\..\export\vs2010\FreeType-6.dll
         C:\Users\Rahul\Desktop\Work\of_v0071_vs2010_release\apps\myApps\ThesisProject\..\..\..\export\vs2010\glut32.dll
         C:\Users\Rahul\Desktop\Work\of_v0071_vs2010_release\apps\myApps\ThesisProject\..\..\..\export\vs2010\Zlib.dll
         7 File(s) copied
       FinalizeBuildStatus:
         Deleting file "obj\Debug\Thesis_Project.unsuccessfulbuild".
         Touching "obj\Debug\Thesis_Project.lastbuildstate".
     1>Done Building Project "C:\Users\Rahul\Desktop\Work\of_v0071_vs2010_release\apps\myApps\ThesisProject\Thesis_Project.vcxproj" (build target(s)).

Build succeeded.

Time Elapsed 00:00:00.29
