C:\USERS\RAHUL\DESKTOP\WORK\OF_V0071_VS2010_RELEASE\APPS\MYAPPS\THESISPROJECT\BIN\THESIS_PROJECT.EXE
C:\Users\Rahul\Desktop\Work\of_v0071_vs2010_release\apps\myApps\ThesisProject\bin\Thesis_Project.exp
C:\Users\Rahul\Desktop\Work\of_v0071_vs2010_release\apps\myApps\ThesisProject\bin\Thesis_Project.lib
C:\Users\Rahul\Desktop\Work\of_v0071_vs2010_release\apps\myApps\ThesisProject\obj\Release\cl.command.1.tlog
C:\Users\Rahul\Desktop\Work\of_v0071_vs2010_release\apps\myApps\ThesisProject\obj\Release\CL.read.1.tlog
C:\Users\Rahul\Desktop\Work\of_v0071_vs2010_release\apps\myApps\ThesisProject\obj\Release\CL.write.1.tlog
C:\USERS\RAHUL\DESKTOP\WORK\OF_V0071_VS2010_RELEASE\APPS\MYAPPS\THESISPROJECT\OBJ\RELEASE\IWRFILTERTRACKING.OBJ
C:\USERS\RAHUL\DESKTOP\WORK\OF_V0071_VS2010_RELEASE\APPS\MYAPPS\THESISPROJECT\OBJ\RELEASE\IWRSDK.OBJ
C:\Users\Rahul\Desktop\Work\of_v0071_vs2010_release\apps\myApps\ThesisProject\obj\Release\link.command.1.tlog
C:\Users\Rahul\Desktop\Work\of_v0071_vs2010_release\apps\myApps\ThesisProject\obj\Release\link.read.1.tlog
C:\Users\Rahul\Desktop\Work\of_v0071_vs2010_release\apps\myApps\ThesisProject\obj\Release\link.write.1.tlog
C:\USERS\RAHUL\DESKTOP\WORK\OF_V0071_VS2010_RELEASE\APPS\MYAPPS\THESISPROJECT\OBJ\RELEASE\MAIN.OBJ
C:\Users\Rahul\Desktop\Work\of_v0071_vs2010_release\apps\myApps\ThesisProject\obj\Release\mt.command.1.tlog
C:\Users\Rahul\Desktop\Work\of_v0071_vs2010_release\apps\myApps\ThesisProject\obj\Release\mt.read.1.tlog
C:\Users\Rahul\Desktop\Work\of_v0071_vs2010_release\apps\myApps\ThesisProject\obj\Release\mt.write.1.tlog
C:\USERS\RAHUL\DESKTOP\WORK\OF_V0071_VS2010_RELEASE\APPS\MYAPPS\THESISPROJECT\OBJ\RELEASE\OFXASSIMPMODELLOADER.OBJ
C:\USERS\RAHUL\DESKTOP\WORK\OF_V0071_VS2010_RELEASE\APPS\MYAPPS\THESISPROJECT\OBJ\RELEASE\OFXTCPCLIENT.OBJ
C:\USERS\RAHUL\DESKTOP\WORK\OF_V0071_VS2010_RELEASE\APPS\MYAPPS\THESISPROJECT\OBJ\RELEASE\OFXTCPMANAGER.OBJ
C:\USERS\RAHUL\DESKTOP\WORK\OF_V0071_VS2010_RELEASE\APPS\MYAPPS\THESISPROJECT\OBJ\RELEASE\OFXTCPSERVER.OBJ
C:\USERS\RAHUL\DESKTOP\WORK\OF_V0071_VS2010_RELEASE\APPS\MYAPPS\THESISPROJECT\OBJ\RELEASE\OFXUDPMANAGER.OBJ
C:\USERS\RAHUL\DESKTOP\WORK\OF_V0071_VS2010_RELEASE\APPS\MYAPPS\THESISPROJECT\OBJ\RELEASE\TESTAPP.OBJ
C:\USERS\RAHUL\DESKTOP\WORK\OF_V0071_VS2010_RELEASE\APPS\MYAPPS\THESISPROJECT\OBJ\RELEASE\THESIS_PROJECT.EXE.INTERMEDIATE.MANIFEST
C:\Users\Rahul\Desktop\Work\of_v0071_vs2010_release\apps\myApps\ThesisProject\obj\Release\Thesis_Project.write.1.tlog
