\BOOKMARK [0][-]{chapter.1}{\376\377\000H\000i\000e\000r\000a\000r\000c\000h\000i\000c\000a\000l\000\040\000I\000n\000d\000e\000x}{}% 1
\BOOKMARK [1][-]{section.1.1}{\376\377\000C\000l\000a\000s\000s\000\040\000H\000i\000e\000r\000a\000r\000c\000h\000y}{chapter.1}% 2
\BOOKMARK [0][-]{chapter.2}{\376\377\000C\000l\000a\000s\000s\000\040\000I\000n\000d\000e\000x}{}% 3
\BOOKMARK [1][-]{section.2.1}{\376\377\000C\000l\000a\000s\000s\000\040\000L\000i\000s\000t}{chapter.2}% 4
\BOOKMARK [0][-]{chapter.3}{\376\377\000F\000i\000l\000e\000\040\000I\000n\000d\000e\000x}{}% 5
\BOOKMARK [1][-]{section.3.1}{\376\377\000F\000i\000l\000e\000\040\000L\000i\000s\000t}{chapter.3}% 6
\BOOKMARK [0][-]{chapter.4}{\376\377\000C\000l\000a\000s\000s\000\040\000D\000o\000c\000u\000m\000e\000n\000t\000a\000t\000i\000o\000n}{}% 7
\BOOKMARK [1][-]{section.4.1}{\376\377\000C\000a\000l\000c\000u\000l\000a\000t\000i\000o\000n\000s\000\040\000C\000l\000a\000s\000s\000\040\000R\000e\000f\000e\000r\000e\000n\000c\000e}{chapter.4}% 8
\BOOKMARK [1][-]{section.4.2}{\376\377\000G\000U\000I\000S\000t\000u\000f\000f\000\040\000C\000l\000a\000s\000s\000\040\000R\000e\000f\000e\000r\000e\000n\000c\000e}{chapter.4}% 9
\BOOKMARK [1][-]{section.4.3}{\376\377\000M\000o\000d\000e\000l\000s\000\040\000C\000l\000a\000s\000s\000\040\000R\000e\000f\000e\000r\000e\000n\000c\000e}{chapter.4}% 10
\BOOKMARK [1][-]{section.4.4}{\376\377\000N\000o\000t\000e\000I\000n\000f\000o\000r\000m\000a\000t\000i\000o\000n\000\040\000C\000l\000a\000s\000s\000\040\000R\000e\000f\000e\000r\000e\000n\000c\000e}{chapter.4}% 11
\BOOKMARK [1][-]{section.4.5}{\376\377\000P\000O\000I\000s\000\040\000C\000l\000a\000s\000s\000\040\000R\000e\000f\000e\000r\000e\000n\000c\000e}{chapter.4}% 12
\BOOKMARK [1][-]{section.4.6}{\376\377\000t\000e\000s\000t\000A\000p\000p\000\040\000C\000l\000a\000s\000s\000\040\000R\000e\000f\000e\000r\000e\000n\000c\000e}{chapter.4}% 13
\BOOKMARK [2][-]{subsection.4.6.1}{\376\377\000M\000e\000m\000b\000e\000r\000\040\000F\000u\000n\000c\000t\000i\000o\000n\000\040\000D\000o\000c\000u\000m\000e\000n\000t\000a\000t\000i\000o\000n}{section.4.6}% 14
\BOOKMARK [3][-]{subsubsection.4.6.1.1}{\376\377\000a\000d\000d\000O\000b\000j\000e\000c\000t\000t\000o\000S\000c\000e\000n\000e}{subsection.4.6.1}% 15
\BOOKMARK [3][-]{subsubsection.4.6.1.2}{\376\377\000d\000r\000a\000w}{subsection.4.6.1}% 16
\BOOKMARK [3][-]{subsubsection.4.6.1.3}{\376\377\000d\000r\000a\000w\000A\000u\000g\000m\000e\000n\000t\000e\000d\000P\000l\000a\000n\000e}{subsection.4.6.1}% 17
\BOOKMARK [3][-]{subsubsection.4.6.1.4}{\376\377\000d\000r\000a\000w\000A\000x\000e\000s}{subsection.4.6.1}% 18
\BOOKMARK [3][-]{subsubsection.4.6.1.5}{\376\377\000d\000r\000a\000w\000M\000o\000d\000e\000l\000s}{subsection.4.6.1}% 19
\BOOKMARK [3][-]{subsubsection.4.6.1.6}{\376\377\000d\000r\000a\000w\000P\000l\000a\000n\000e}{subsection.4.6.1}% 20
\BOOKMARK [3][-]{subsubsection.4.6.1.7}{\376\377\000k\000e\000y\000P\000r\000e\000s\000s\000e\000d}{subsection.4.6.1}% 21
\BOOKMARK [3][-]{subsubsection.4.6.1.8}{\376\377\000m\000o\000u\000s\000e\000P\000r\000e\000s\000s\000e\000d}{subsection.4.6.1}% 22
\BOOKMARK [3][-]{subsubsection.4.6.1.9}{\376\377\000m\000o\000u\000s\000e\000R\000e\000l\000e\000a\000s\000e\000d}{subsection.4.6.1}% 23
\BOOKMARK [3][-]{subsubsection.4.6.1.10}{\376\377\000s\000e\000t\000u\000p}{subsection.4.6.1}% 24
\BOOKMARK [3][-]{subsubsection.4.6.1.11}{\376\377\000s\000e\000t\000u\000p\000M\000o\000d\000e\000l\000s}{subsection.4.6.1}% 25
\BOOKMARK [3][-]{subsubsection.4.6.1.12}{\376\377\000U\000D\000P\000R\000e\000c\000e\000i\000v\000e}{subsection.4.6.1}% 26
\BOOKMARK [3][-]{subsubsection.4.6.1.13}{\376\377\000U\000p\000d\000a\000t\000e\000T\000r\000a\000c\000k\000i\000n\000g}{subsection.4.6.1}% 27
\BOOKMARK [2][-]{subsection.4.6.2}{\376\377\000M\000e\000m\000b\000e\000r\000\040\000D\000a\000t\000a\000\040\000D\000o\000c\000u\000m\000e\000n\000t\000a\000t\000i\000o\000n}{section.4.6}% 28
\BOOKMARK [3][-]{subsubsection.4.6.2.1}{\376\377\000p\000g\000y\000\137\000m\000o\000d\000e\000l}{subsection.4.6.2}% 29
\BOOKMARK [0][-]{chapter.5}{\376\377\000F\000i\000l\000e\000\040\000D\000o\000c\000u\000m\000e\000n\000t\000a\000t\000i\000o\000n}{}% 30
\BOOKMARK [1][-]{section.5.1}{\376\377\000s\000r\000c\000/\000t\000e\000s\000t\000A\000p\000p\000.\000c\000p\000p\000\040\000F\000i\000l\000e\000\040\000R\000e\000f\000e\000r\000e\000n\000c\000e}{chapter.5}% 31
\BOOKMARK [2][-]{subsection.5.1.1}{\376\377\000D\000e\000t\000a\000i\000l\000e\000d\000\040\000D\000e\000s\000c\000r\000i\000p\000t\000i\000o\000n}{section.5.1}% 32
\BOOKMARK [2][-]{subsection.5.1.2}{\376\377\000M\000a\000c\000r\000o\000\040\000D\000e\000f\000i\000n\000i\000t\000i\000o\000n\000\040\000D\000o\000c\000u\000m\000e\000n\000t\000a\000t\000i\000o\000n}{section.5.1}% 33
\BOOKMARK [3][-]{subsubsection.5.1.2.1}{\376\377\000I\000W\000R\000\137\000O\000K}{subsection.5.1.2}% 34
\BOOKMARK [2][-]{subsection.5.1.3}{\376\377\000F\000u\000n\000c\000t\000i\000o\000n\000\040\000D\000o\000c\000u\000m\000e\000n\000t\000a\000t\000i\000o\000n}{section.5.1}% 35
\BOOKMARK [3][-]{subsubsection.5.1.3.1}{\376\377\000I\000W\000R\000F\000i\000l\000t\000e\000r\000T\000r\000a\000c\000k\000i\000n\000g}{subsection.5.1.3}% 36
\BOOKMARK [2][-]{subsection.5.1.4}{\376\377\000V\000a\000r\000i\000a\000b\000l\000e\000\040\000D\000o\000c\000u\000m\000e\000n\000t\000a\000t\000i\000o\000n}{section.5.1}% 37
\BOOKMARK [3][-]{subsubsection.5.1.4.1}{\376\377\000r\000o\000t\000Y}{subsection.5.1.4}% 38
\BOOKMARK [3][-]{subsubsection.5.1.4.2}{\376\377\000s\000c\000e\000n\000e\000s}{subsection.5.1.4}% 39
\BOOKMARK [3][-]{subsubsection.5.1.4.3}{\376\377\000y\000a\000w}{subsection.5.1.4}% 40
\BOOKMARK [1][-]{section.5.2}{\376\377\000s\000r\000c\000/\000t\000e\000s\000t\000A\000p\000p\000.\000h\000\040\000F\000i\000l\000e\000\040\000R\000e\000f\000e\000r\000e\000n\000c\000e}{chapter.5}% 41
\BOOKMARK [2][-]{subsection.5.2.1}{\376\377\000D\000e\000t\000a\000i\000l\000e\000d\000\040\000D\000e\000s\000c\000r\000i\000p\000t\000i\000o\000n}{section.5.2}% 42
\BOOKMARK [2][-]{subsection.5.2.2}{\376\377\000M\000a\000c\000r\000o\000\040\000D\000e\000f\000i\000n\000i\000t\000i\000o\000n\000\040\000D\000o\000c\000u\000m\000e\000n\000t\000a\000t\000i\000o\000n}{section.5.2}% 43
\BOOKMARK [3][-]{subsubsection.5.2.2.1}{\376\377\000\137\000T\000E\000S\000T\000\137\000A\000P\000P}{subsection.5.2.2}% 44
\BOOKMARK [-1][-]{subsubsection.5.2.2.1}{\376\377\000I\000n\000d\000e\000x}{}% 45
